

Started GET "/assets/rails.png" for 127.0.0.1 at 2013-08-02 11:57:25 +0545
Connecting to database specified by database.yml
Served asset /rails.png - 200 OK (21ms)


Started GET "/bar" for 127.0.0.1 at 2013-08-02 12:00:05 +0545
Connecting to database specified by database.yml
Processing by BarController#index as HTML
Completed 500 Internal Server Error in 49ms

ActionView::MissingTemplate (Missing template bar/index, application/index with {:locale=>[:en], :formats=>[:html], :handlers=>[:erb, :builder, :coffee]}. Searched in:
  * "/home/nepasoft/Project/JPTProject/Daemon/app/views"
):
  actionpack (3.2.12) lib/action_view/path_set.rb:58:in `find'
  actionpack (3.2.12) lib/action_view/lookup_context.rb:109:in `find'
  actionpack (3.2.12) lib/action_view/renderer/abstract_renderer.rb:3:in `find_template'
  actionpack (3.2.12) lib/action_view/renderer/template_renderer.rb:34:in `determine_template'
  actionpack (3.2.12) lib/action_view/renderer/template_renderer.rb:10:in `render'
  actionpack (3.2.12) lib/action_view/renderer/renderer.rb:36:in `render_template'
  actionpack (3.2.12) lib/action_view/renderer/renderer.rb:17:in `render'
  actionpack (3.2.12) lib/abstract_controller/rendering.rb:110:in `_render_template'
  actionpack (3.2.12) lib/action_controller/metal/streaming.rb:225:in `_render_template'
  actionpack (3.2.12) lib/abstract_controller/rendering.rb:103:in `render_to_body'
  actionpack (3.2.12) lib/action_controller/metal/renderers.rb:28:in `render_to_body'
  actionpack (3.2.12) lib/action_controller/metal/compatibility.rb:50:in `render_to_body'
  actionpack (3.2.12) lib/abstract_controller/rendering.rb:88:in `render'
  actionpack (3.2.12) lib/action_controller/metal/rendering.rb:16:in `render'
  actionpack (3.2.12) lib/action_controller/metal/instrumentation.rb:40:in `block (2 levels) in render'
  activesupport (3.2.12) lib/active_support/core_ext/benchmark.rb:5:in `block in ms'
  /home/nepasoft/.rvm/rubies/ruby-1.9.2-p320/lib/ruby/1.9.1/benchmark.rb:310:in `realtime'
  activesupport (3.2.12) lib/active_support/core_ext/benchmark.rb:5:in `ms'
  actionpack (3.2.12) lib/action_controller/metal/instrumentation.rb:40:in `block in render'
  actionpack (3.2.12) lib/action_controller/metal/instrumentation.rb:83:in `cleanup_view_runtime'
  activerecord (3.2.12) lib/active_record/railties/controller_runtime.rb:24:in `cleanup_view_runtime'
  actionpack (3.2.12) lib/action_controller/metal/instrumentation.rb:39:in `render'
  actionpack (3.2.12) lib/action_controller/metal/implicit_render.rb:10:in `default_render'
  actionpack (3.2.12) lib/action_controller/metal/implicit_render.rb:5:in `send_action'
  actionpack (3.2.12) lib/abstract_controller/base.rb:167:in `process_action'
  actionpack (3.2.12) lib/action_controller/metal/rendering.rb:10:in `process_action'
  actionpack (3.2.12) lib/abstract_controller/callbacks.rb:18:in `block in process_action'
  activesupport (3.2.12) lib/active_support/callbacks.rb:414:in `_run__473781302909738696__process_action__602758905187241654__callbacks'
  activesupport (3.2.12) lib/active_support/callbacks.rb:405:in `__run_callback'
  activesupport (3.2.12) lib/active_support/callbacks.rb:385:in `_run_process_action_callbacks'
  activesupport (3.2.12) lib/active_support/callbacks.rb:81:in `run_callbacks'
  actionpack (3.2.12) lib/abstract_controller/callbacks.rb:17:in `process_action'
  actionpack (3.2.12) lib/action_controller/metal/rescue.rb:29:in `process_action'
  actionpack (3.2.12) lib/action_controller/metal/instrumentation.rb:30:in `block in process_action'
  activesupport (3.2.12) lib/active_support/notifications.rb:123:in `block in instrument'
  activesupport (3.2.12) lib/active_support/notifications/instrumenter.rb:20:in `instrument'
  activesupport (3.2.12) lib/active_support/notifications.rb:123:in `instrument'
  actionpack (3.2.12) lib/action_controller/metal/instrumentation.rb:29:in `process_action'
  actionpack (3.2.12) lib/action_controller/metal/params_wrapper.rb:207:in `process_action'
  activerecord (3.2.12) lib/active_record/railties/controller_runtime.rb:18:in `process_action'
  actionpack (3.2.12) lib/abstract_controller/base.rb:121:in `process'
  actionpack (3.2.12) lib/abstract_controller/rendering.rb:45:in `process'
  actionpack (3.2.12) lib/action_controller/metal.rb:203:in `dispatch'
  actionpack (3.2.12) lib/action_controller/metal/rack_delegation.rb:14:in `dispatch'
  actionpack (3.2.12) lib/action_controller/metal.rb:246:in `block in action'
  actionpack (3.2.12) lib/action_dispatch/routing/route_set.rb:73:in `call'
  actionpack (3.2.12) lib/action_dispatch/routing/route_set.rb:73:in `dispatch'
  actionpack (3.2.12) lib/action_dispatch/routing/route_set.rb:36:in `call'
  journey (1.0.4) lib/journey/router.rb:68:in `block in call'
  journey (1.0.4) lib/journey/router.rb:56:in `each'
  journey (1.0.4) lib/journey/router.rb:56:in `call'
  actionpack (3.2.12) lib/action_dispatch/routing/route_set.rb:601:in `call'
  actionpack (3.2.12) lib/action_dispatch/middleware/best_standards_support.rb:17:in `call'
  rack (1.4.5) lib/rack/etag.rb:23:in `call'
  rack (1.4.5) lib/rack/conditionalget.rb:25:in `call'
  actionpack (3.2.12) lib/action_dispatch/middleware/head.rb:14:in `call'
  actionpack (3.2.12) lib/action_dispatch/middleware/params_parser.rb:21:in `call'
  actionpack (3.2.12) lib/action_dispatch/middleware/flash.rb:242:in `call'
  rack (1.4.5) lib/rack/session/abstract/id.rb:210:in `context'
  rack (1.4.5) lib/rack/session/abstract/id.rb:205:in `call'
  actionpack (3.2.12) lib/action_dispatch/middleware/cookies.rb:341:in `call'
  activerecord (3.2.12) lib/active_record/query_cache.rb:64:in `call'
  activerecord (3.2.12) lib/active_record/connection_adapters/abstract/connection_pool.rb:479:in `call'
  actionpack (3.2.12) lib/action_dispatch/middleware/callbacks.rb:28:in `block in call'
  activesupport (3.2.12) lib/active_support/callbacks.rb:405:in `_run__2561564893236259183__call__2445800041508562629__callbacks'
  activesupport (3.2.12) lib/active_support/callbacks.rb:405:in `__run_callback'
  activesupport (3.2.12) lib/active_support/callbacks.rb:385:in `_run_call_callbacks'
  activesupport (3.2.12) lib/active_support/callbacks.rb:81:in `run_callbacks'
  actionpack (3.2.12) lib/action_dispatch/middleware/callbacks.rb:27:in `call'
  actionpack (3.2.12) lib/action_dispatch/middleware/reloader.rb:65:in `call'
  actionpack (3.2.12) lib/action_dispatch/middleware/remote_ip.rb:31:in `call'
  actionpack (3.2.12) lib/action_dispatch/middleware/debug_exceptions.rb:16:in `call'
  actionpack (3.2.12) lib/action_dispatch/middleware/show_exceptions.rb:56:in `call'
  railties (3.2.12) lib/rails/rack/logger.rb:32:in `call_app'
  railties (3.2.12) lib/rails/rack/logger.rb:16:in `block in call'
  activesupport (3.2.12) lib/active_support/tagged_logging.rb:22:in `tagged'
  railties (3.2.12) lib/rails/rack/logger.rb:16:in `call'
  actionpack (3.2.12) lib/action_dispatch/middleware/request_id.rb:22:in `call'
  rack (1.4.5) lib/rack/methodoverride.rb:21:in `call'
  rack (1.4.5) lib/rack/runtime.rb:17:in `call'
  activesupport (3.2.12) lib/active_support/cache/strategy/local_cache.rb:72:in `call'
  rack (1.4.5) lib/rack/lock.rb:15:in `call'
  actionpack (3.2.12) lib/action_dispatch/middleware/static.rb:62:in `call'
  railties (3.2.12) lib/rails/engine.rb:479:in `call'
  railties (3.2.12) lib/rails/application.rb:223:in `call'
  rack (1.4.5) lib/rack/content_length.rb:14:in `call'
  railties (3.2.12) lib/rails/rack/log_tailer.rb:17:in `call'
  rack (1.4.5) lib/rack/handler/webrick.rb:59:in `service'
  /home/nepasoft/.rvm/rubies/ruby-1.9.2-p320/lib/ruby/1.9.1/webrick/httpserver.rb:111:in `service'
  /home/nepasoft/.rvm/rubies/ruby-1.9.2-p320/lib/ruby/1.9.1/webrick/httpserver.rb:70:in `run'
  /home/nepasoft/.rvm/rubies/ruby-1.9.2-p320/lib/ruby/1.9.1/webrick/server.rb:183:in `block in start_thread'


  Rendered /home/nepasoft/.rvm/gems/ruby-1.9.2-p320/gems/actionpack-3.2.12/lib/action_dispatch/middleware/templates/rescues/missing_template.erb within rescues/layout (29.7ms)


Started GET "/bar" for 127.0.0.1 at 2013-08-02 12:00:56 +0545
Processing by BarController#index as HTML
  Rendered text template (0.0ms)
Completed 200 OK in 14ms (Views: 13.4ms | ActiveRecord: 0.0ms)


Started GET "/assets/rails.png" for 127.0.0.1 at 2013-08-02 14:23:56 +0545
Connecting to database specified by database.yml
Served asset /rails.png - 200 OK (26ms)


Started GET "/" for 127.0.0.1 at 2013-08-02 14:24:38 +0545
Connecting to database specified by database.yml
Processing by BarController#index as HTML
  Rendered text template (0.0ms)
Completed 200 OK in 56ms (Views: 56.0ms | ActiveRecord: 0.0ms)


Started GET "/" for 127.0.0.1 at 2013-08-02 14:25:11 +0545
Processing by BarController#index as HTML
  Rendered text template (0.0ms)
Completed 200 OK in 0ms (Views: 0.3ms | ActiveRecord: 0.0ms)


Started GET "/" for 127.0.0.1 at 2013-08-02 14:25:14 +0545
Processing by BarController#index as HTML
  Rendered text template (0.0ms)
Completed 200 OK in 0ms (Views: 0.2ms | ActiveRecord: 0.0ms)


Started GET "/" for 127.0.0.1 at 2013-08-02 14:25:14 +0545
Processing by BarController#index as HTML
  Rendered text template (0.0ms)
Completed 200 OK in 0ms (Views: 0.2ms | ActiveRecord: 0.0ms)


Started GET "/" for 127.0.0.1 at 2013-08-02 14:25:15 +0545
Processing by BarController#index as HTML
  Rendered text template (0.0ms)
Completed 200 OK in 0ms (Views: 0.4ms | ActiveRecord: 0.0ms)


Started GET "/" for 127.0.0.1 at 2013-08-02 14:25:15 +0545
Processing by BarController#index as HTML
  Rendered text template (0.0ms)
Completed 200 OK in 0ms (Views: 0.4ms | ActiveRecord: 0.0ms)


Started GET "/" for 127.0.0.1 at 2013-08-02 14:25:16 +0545
Processing by BarController#index as HTML
  Rendered text template (0.0ms)
Completed 200 OK in 0ms (Views: 0.4ms | ActiveRecord: 0.0ms)


Started GET "/" for 127.0.0.1 at 2013-08-02 14:25:17 +0545
Processing by BarController#index as HTML
  Rendered text template (0.0ms)
Completed 200 OK in 1ms (Views: 0.4ms | ActiveRecord: 0.0ms)


Started GET "/" for 127.0.0.1 at 2013-08-02 14:25:18 +0545
Processing by BarController#index as HTML
  Rendered text template (0.0ms)
Completed 200 OK in 0ms (Views: 0.3ms | ActiveRecord: 0.0ms)


Started GET "/" for 127.0.0.1 at 2013-08-02 14:25:37 +0545
Processing by BarController#index as HTML
  Rendered bar/index.html.haml within layouts/application (50.1ms)
Compiled bar.css  (36ms)  (pid 3851)
Compiled application.css  (54ms)  (pid 3851)
Compiled jquery.js  (3ms)  (pid 3851)
Compiled jquery_ujs.js  (0ms)  (pid 3851)
Compiled bar.js  (199ms)  (pid 3851)
Compiled application.js  (260ms)  (pid 3851)
Completed 200 OK in 447ms (Views: 446.9ms | ActiveRecord: 0.0ms)


Started GET "/assets/application.css?body=1" for 127.0.0.1 at 2013-08-02 14:25:37 +0545
Served asset /application.css - 200 OK (40ms)


Started GET "/assets/bar.css?body=1" for 127.0.0.1 at 2013-08-02 14:25:37 +0545
Served asset /bar.css - 200 OK (1ms)


Started GET "/assets/jquery.js?body=1" for 127.0.0.1 at 2013-08-02 14:25:37 +0545
Served asset /jquery.js - 200 OK (3ms)


Started GET "/assets/bar.js?body=1" for 127.0.0.1 at 2013-08-02 14:25:37 +0545
Served asset /bar.js - 200 OK (3ms)


Started GET "/assets/jquery_ujs.js?body=1" for 127.0.0.1 at 2013-08-02 14:25:37 +0545
Served asset /jquery_ujs.js - 200 OK (2ms)


Started GET "/assets/application.js?body=1" for 127.0.0.1 at 2013-08-02 14:25:37 +0545
Served asset /application.js - 200 OK (5ms)


Started GET "/" for 127.0.0.1 at 2013-08-02 14:25:38 +0545
Processing by BarController#index as HTML
  Rendered bar/index.html.haml within layouts/application (0.1ms)
Completed 200 OK in 4ms (Views: 3.9ms | ActiveRecord: 0.0ms)


Started GET "/assets/bar.css?body=1" for 127.0.0.1 at 2013-08-02 14:25:38 +0545
Served asset /bar.css - 304 Not Modified (0ms)


Started GET "/assets/jquery.js?body=1" for 127.0.0.1 at 2013-08-02 14:25:38 +0545
Served asset /jquery.js - 304 Not Modified (0ms)


Started GET "/assets/application.css?body=1" for 127.0.0.1 at 2013-08-02 14:25:38 +0545
Served asset /application.css - 304 Not Modified (0ms)


Started GET "/assets/bar.js?body=1" for 127.0.0.1 at 2013-08-02 14:25:38 +0545
Served asset /bar.js - 304 Not Modified (0ms)


Started GET "/assets/application.js?body=1" for 127.0.0.1 at 2013-08-02 14:25:38 +0545
Served asset /application.js - 304 Not Modified (1ms)


Started GET "/assets/jquery_ujs.js?body=1" for 127.0.0.1 at 2013-08-02 14:25:38 +0545
Served asset /jquery_ujs.js - 304 Not Modified (0ms)


Started GET "/" for 127.0.0.1 at 2013-08-02 14:25:38 +0545
Processing by BarController#index as HTML
  Rendered bar/index.html.haml within layouts/application (0.1ms)
Completed 200 OK in 3ms (Views: 3.3ms | ActiveRecord: 0.0ms)


Started GET "/assets/application.css?body=1" for 127.0.0.1 at 2013-08-02 14:25:38 +0545
Served asset /application.css - 304 Not Modified (5ms)


Started GET "/assets/bar.css?body=1" for 127.0.0.1 at 2013-08-02 14:25:38 +0545
Served asset /bar.css - 304 Not Modified (0ms)


Started GET "/assets/jquery_ujs.js?body=1" for 127.0.0.1 at 2013-08-02 14:25:38 +0545
Served asset /jquery_ujs.js - 304 Not Modified (0ms)


Started GET "/assets/bar.js?body=1" for 127.0.0.1 at 2013-08-02 14:25:38 +0545
Served asset /bar.js - 304 Not Modified (0ms)


Started GET "/assets/jquery.js?body=1" for 127.0.0.1 at 2013-08-02 14:25:38 +0545
Served asset /jquery.js - 304 Not Modified (0ms)


Started GET "/assets/application.js?body=1" for 127.0.0.1 at 2013-08-02 14:25:38 +0545
Served asset /application.js - 304 Not Modified (2ms)


Started GET "/" for 127.0.0.1 at 2013-08-02 14:25:38 +0545
Processing by BarController#index as HTML
  Rendered bar/index.html.haml within layouts/application (0.1ms)
Completed 200 OK in 6ms (Views: 5.7ms | ActiveRecord: 0.0ms)


Started GET "/assets/bar.css?body=1" for 127.0.0.1 at 2013-08-02 14:25:38 +0545
Served asset /bar.css - 304 Not Modified (1ms)


Started GET "/assets/application.css?body=1" for 127.0.0.1 at 2013-08-02 14:25:38 +0545
Served asset /application.css - 304 Not Modified (0ms)


Started GET "/assets/bar.js?body=1" for 127.0.0.1 at 2013-08-02 14:25:38 +0545
Served asset /bar.js - 304 Not Modified (0ms)


Started GET "/assets/jquery.js?body=1" for 127.0.0.1 at 2013-08-02 14:25:38 +0545
Served asset /jquery.js - 304 Not Modified (0ms)


Started GET "/assets/jquery_ujs.js?body=1" for 127.0.0.1 at 2013-08-02 14:25:38 +0545
Served asset /jquery_ujs.js - 304 Not Modified (0ms)


Started GET "/assets/application.js?body=1" for 127.0.0.1 at 2013-08-02 14:25:38 +0545
Served asset /application.js - 304 Not Modified (1ms)


Started GET "/" for 127.0.0.1 at 2013-08-02 14:25:39 +0545
Processing by BarController#index as HTML
  Rendered bar/index.html.haml within layouts/application (0.1ms)
Completed 200 OK in 4ms (Views: 4.3ms | ActiveRecord: 0.0ms)


Started GET "/assets/application.css?body=1" for 127.0.0.1 at 2013-08-02 14:25:39 +0545
Served asset /application.css - 304 Not Modified (3ms)


Started GET "/assets/bar.css?body=1" for 127.0.0.1 at 2013-08-02 14:25:39 +0545
Served asset /bar.css - 304 Not Modified (0ms)


Started GET "/assets/application.js?body=1" for 127.0.0.1 at 2013-08-02 14:25:39 +0545
Served asset /application.js - 304 Not Modified (2ms)


Started GET "/assets/jquery.js?body=1" for 127.0.0.1 at 2013-08-02 14:25:39 +0545
Served asset /jquery.js - 304 Not Modified (0ms)


Started GET "/assets/bar.js?body=1" for 127.0.0.1 at 2013-08-02 14:25:39 +0545
Served asset /bar.js - 304 Not Modified (0ms)


Started GET "/assets/jquery_ujs.js?body=1" for 127.0.0.1 at 2013-08-02 14:25:39 +0545
Served asset /jquery_ujs.js - 304 Not Modified (0ms)


Started GET "/" for 127.0.0.1 at 2013-08-02 14:25:39 +0545
Processing by BarController#index as HTML
  Rendered bar/index.html.haml within layouts/application (0.1ms)
Completed 200 OK in 6ms (Views: 6.1ms | ActiveRecord: 0.0ms)


Started GET "/assets/bar.css?body=1" for 127.0.0.1 at 2013-08-02 14:25:39 +0545
Served asset /bar.css - 304 Not Modified (0ms)


Started GET "/assets/application.css?body=1" for 127.0.0.1 at 2013-08-02 14:25:39 +0545
Served asset /application.css - 304 Not Modified (0ms)


Started GET "/assets/application.js?body=1" for 127.0.0.1 at 2013-08-02 14:25:39 +0545
Served asset /application.js - 304 Not Modified (0ms)


Started GET "/assets/jquery_ujs.js?body=1" for 127.0.0.1 at 2013-08-02 14:25:39 +0545
Served asset /jquery_ujs.js - 304 Not Modified (0ms)


Started GET "/assets/jquery.js?body=1" for 127.0.0.1 at 2013-08-02 14:25:39 +0545
Served asset /jquery.js - 304 Not Modified (0ms)


Started GET "/assets/bar.js?body=1" for 127.0.0.1 at 2013-08-02 14:25:39 +0545
Served asset /bar.js - 304 Not Modified (0ms)
Connecting to database specified by database.yml


Started GET "/" for 127.0.0.1 at 2013-08-02 14:37:43 +0545
Processing by BarController#index as HTML
  Rendered bar/index.html.haml within layouts/application (0.1ms)
Completed 200 OK in 5ms (Views: 4.2ms | ActiveRecord: 0.0ms)


Started GET "/assets/application.css?body=1" for 127.0.0.1 at 2013-08-02 14:37:43 +0545
Served asset /application.css - 304 Not Modified (0ms)


Started GET "/assets/bar.css?body=1" for 127.0.0.1 at 2013-08-02 14:37:43 +0545
Served asset /bar.css - 304 Not Modified (0ms)


Started GET "/assets/jquery_ujs.js?body=1" for 127.0.0.1 at 2013-08-02 14:37:43 +0545
Served asset /jquery_ujs.js - 304 Not Modified (0ms)


Started GET "/assets/jquery.js?body=1" for 127.0.0.1 at 2013-08-02 14:37:43 +0545
Served asset /jquery.js - 304 Not Modified (0ms)


Started GET "/assets/application.js?body=1" for 127.0.0.1 at 2013-08-02 14:37:43 +0545
Served asset /application.js - 304 Not Modified (2ms)


Started GET "/assets/bar.js?body=1" for 127.0.0.1 at 2013-08-02 14:37:43 +0545
Served asset /bar.js - 304 Not Modified (0ms)


Started GET "/" for 127.0.0.1 at 2013-08-02 15:39:38 +0545
Connecting to database specified by database.yml
Processing by BarController#index as HTML
  Rendered bar/index.html.haml within layouts/application (3.8ms)
Compiled user.css  (49ms)  (pid 5086)
Compiled application.css  (66ms)  (pid 5086)
Compiled user.js  (96ms)  (pid 5086)
Compiled application.js  (109ms)  (pid 5086)
Completed 200 OK in 320ms (Views: 319.1ms | ActiveRecord: 0.0ms)


Started GET "/assets/application.css?body=1" for 127.0.0.1 at 2013-08-02 15:39:40 +0545
Served asset /application.css - 200 OK (7ms)


Started GET "/assets/jquery_ujs.js?body=1" for 127.0.0.1 at 2013-08-02 15:39:40 +0545
Served asset /jquery_ujs.js - 200 OK (2ms)


Started GET "/assets/user.css?body=1" for 127.0.0.1 at 2013-08-02 15:39:40 +0545
Served asset /user.css - 200 OK (1ms)


Started GET "/assets/bar.css?body=1" for 127.0.0.1 at 2013-08-02 15:39:40 +0545
Served asset /bar.css - 304 Not Modified (3ms)


Started GET "/assets/jquery.js?body=1" for 127.0.0.1 at 2013-08-02 15:39:40 +0545
Served asset /jquery.js - 200 OK (2ms)


Started GET "/assets/bar.js?body=1" for 127.0.0.1 at 2013-08-02 15:39:40 +0545
Served asset /bar.js - 304 Not Modified (1ms)


Started GET "/assets/user.js?body=1" for 127.0.0.1 at 2013-08-02 15:39:40 +0545
Served asset /user.js - 200 OK (1ms)


Started GET "/assets/application.js?body=1" for 127.0.0.1 at 2013-08-02 15:39:40 +0545
Served asset /application.js - 200 OK (6ms)


Started GET "/user" for 127.0.0.1 at 2013-08-02 15:39:45 +0545
Processing by UserController#index as HTML
Completed 500  in 19849ms

ActiveRecord::StatementInvalid - Could not find table 'users':
  activerecord (3.2.12) lib/active_record/connection_adapters/sqlite_adapter.rb:472:in `table_structure'
  activerecord (3.2.12) lib/active_record/connection_adapters/sqlite_adapter.rb:346:in `columns'
  activerecord (3.2.12) lib/active_record/connection_adapters/schema_cache.rb:12:in `block in initialize'
  activerecord (3.2.12) lib/active_record/model_schema.rb:228:in `columns'
  activerecord (3.2.12) lib/active_record/model_schema.rb:237:in `columns_hash'
  activerecord (3.2.12) lib/active_record/relation/delegation.rb:7:in `columns_hash'
  activerecord (3.2.12) lib/active_record/relation/finder_methods.rb:331:in `find_one'
  activerecord (3.2.12) lib/active_record/relation/finder_methods.rb:312:in `find_with_ids'
  activerecord (3.2.12) lib/active_record/relation/finder_methods.rb:107:in `find'
  activerecord (3.2.12) lib/active_record/querying.rb:5:in `find'
  app/controllers/user_controller.rb:4:in `index'
  actionpack (3.2.12) lib/action_controller/metal/implicit_render.rb:4:in `send_action'
  actionpack (3.2.12) lib/abstract_controller/base.rb:167:in `process_action'
  actionpack (3.2.12) lib/action_controller/metal/rendering.rb:10:in `process_action'
  actionpack (3.2.12) lib/abstract_controller/callbacks.rb:18:in `block in process_action'
  activesupport (3.2.12) lib/active_support/callbacks.rb:414:in `_run__810780982476556529__process_action__4549140085952833287__callbacks'
  activesupport (3.2.12) lib/active_support/callbacks.rb:405:in `__run_callback'
  activesupport (3.2.12) lib/active_support/callbacks.rb:385:in `_run_process_action_callbacks'
  activesupport (3.2.12) lib/active_support/callbacks.rb:81:in `run_callbacks'
  actionpack (3.2.12) lib/abstract_controller/callbacks.rb:17:in `process_action'
  actionpack (3.2.12) lib/action_controller/metal/rescue.rb:29:in `process_action'
  actionpack (3.2.12) lib/action_controller/metal/instrumentation.rb:30:in `block in process_action'
  activesupport (3.2.12) lib/active_support/notifications.rb:123:in `block in instrument'
  activesupport (3.2.12) lib/active_support/notifications/instrumenter.rb:20:in `instrument'
  activesupport (3.2.12) lib/active_support/notifications.rb:123:in `instrument'
  actionpack (3.2.12) lib/action_controller/metal/instrumentation.rb:29:in `process_action'
  actionpack (3.2.12) lib/action_controller/metal/params_wrapper.rb:207:in `process_action'
  activerecord (3.2.12) lib/active_record/railties/controller_runtime.rb:18:in `process_action'
  actionpack (3.2.12) lib/abstract_controller/base.rb:121:in `process'
  actionpack (3.2.12) lib/abstract_controller/rendering.rb:45:in `process'
  actionpack (3.2.12) lib/action_controller/metal.rb:203:in `dispatch'
  actionpack (3.2.12) lib/action_controller/metal/rack_delegation.rb:14:in `dispatch'
  actionpack (3.2.12) lib/action_controller/metal.rb:246:in `block in action'
  actionpack (3.2.12) lib/action_dispatch/routing/route_set.rb:73:in `dispatch'
  actionpack (3.2.12) lib/action_dispatch/routing/route_set.rb:36:in `call'
  journey (1.0.4) lib/journey/router.rb:68:in `block in call'
  journey (1.0.4) lib/journey/router.rb:56:in `call'
  actionpack (3.2.12) lib/action_dispatch/routing/route_set.rb:601:in `call'
  meta_request (0.2.7) lib/meta_request/middlewares/app_request_handler.rb:13:in `call'
  rack-contrib (1.1.0) lib/rack/contrib/response_headers.rb:17:in `call'
  meta_request (0.2.7) lib/meta_request/middlewares/headers.rb:16:in `call'
  meta_request (0.2.7) lib/meta_request/middlewares/meta_request_handler.rb:13:in `call'
  actionpack (3.2.12) lib/action_dispatch/middleware/best_standards_support.rb:17:in `call'
  rack (1.4.5) lib/rack/etag.rb:23:in `call'
  rack (1.4.5) lib/rack/conditionalget.rb:25:in `call'
  actionpack (3.2.12) lib/action_dispatch/middleware/head.rb:14:in `call'
  actionpack (3.2.12) lib/action_dispatch/middleware/params_parser.rb:21:in `call'
  actionpack (3.2.12) lib/action_dispatch/middleware/flash.rb:242:in `call'
  rack (1.4.5) lib/rack/session/abstract/id.rb:210:in `context'
  rack (1.4.5) lib/rack/session/abstract/id.rb:205:in `call'
  actionpack (3.2.12) lib/action_dispatch/middleware/cookies.rb:341:in `call'
  activerecord (3.2.12) lib/active_record/query_cache.rb:64:in `call'
  activerecord (3.2.12) lib/active_record/connection_adapters/abstract/connection_pool.rb:479:in `call'
  actionpack (3.2.12) lib/action_dispatch/middleware/callbacks.rb:28:in `block in call'
  activesupport (3.2.12) lib/active_support/callbacks.rb:405:in `_run__3634028880688743287__call__4125469158728056376__callbacks'
  activesupport (3.2.12) lib/active_support/callbacks.rb:405:in `__run_callback'
  activesupport (3.2.12) lib/active_support/callbacks.rb:385:in `_run_call_callbacks'
  activesupport (3.2.12) lib/active_support/callbacks.rb:81:in `run_callbacks'
  actionpack (3.2.12) lib/action_dispatch/middleware/callbacks.rb:27:in `call'
  actionpack (3.2.12) lib/action_dispatch/middleware/reloader.rb:65:in `call'
  actionpack (3.2.12) lib/action_dispatch/middleware/remote_ip.rb:31:in `call'
  better_errors (0.9.0) lib/better_errors/middleware.rb:84:in `protected_app_call'
  better_errors (0.9.0) lib/better_errors/middleware.rb:79:in `better_errors_call'
  better_errors (0.9.0) lib/better_errors/middleware.rb:56:in `call'
  actionpack (3.2.12) lib/action_dispatch/middleware/debug_exceptions.rb:16:in `call'
  actionpack (3.2.12) lib/action_dispatch/middleware/show_exceptions.rb:56:in `call'
  railties (3.2.12) lib/rails/rack/logger.rb:32:in `call_app'
  railties (3.2.12) lib/rails/rack/logger.rb:16:in `block in call'
  activesupport (3.2.12) lib/active_support/tagged_logging.rb:22:in `tagged'
  railties (3.2.12) lib/rails/rack/logger.rb:16:in `call'
  actionpack (3.2.12) lib/action_dispatch/middleware/request_id.rb:22:in `call'
  rack (1.4.5) lib/rack/methodoverride.rb:21:in `call'
  rack (1.4.5) lib/rack/runtime.rb:17:in `call'
  activesupport (3.2.12) lib/active_support/cache/strategy/local_cache.rb:72:in `call'
  rack (1.4.5) lib/rack/lock.rb:15:in `call'
  actionpack (3.2.12) lib/action_dispatch/middleware/static.rb:62:in `call'
  railties (3.2.12) lib/rails/engine.rb:479:in `call'
  railties (3.2.12) lib/rails/application.rb:223:in `call'
  rack (1.4.5) lib/rack/content_length.rb:14:in `call'
  railties (3.2.12) lib/rails/rack/log_tailer.rb:17:in `call'
  rack (1.4.5) lib/rack/handler/webrick.rb:59:in `service'
  /home/nepasoft/.rvm/rubies/ruby-1.9.2-p320/lib/ruby/1.9.1/webrick/httpserver.rb:111:in `service'
  /home/nepasoft/.rvm/rubies/ruby-1.9.2-p320/lib/ruby/1.9.1/webrick/httpserver.rb:70:in `run'
  /home/nepasoft/.rvm/rubies/ruby-1.9.2-p320/lib/ruby/1.9.1/webrick/server.rb:183:in `block in start_thread'



Started POST "/__better_errors/70348179972240/variables" for 127.0.0.1 at 2013-08-02 15:40:05 +0545


Started GET "/user" for 127.0.0.1 at 2013-08-02 15:40:46 +0545
Connecting to database specified by database.yml
Processing by UserController#index as HTML
Completed 500  in 158ms

ActiveRecord::StatementInvalid - Could not find table 'users':
  activerecord (3.2.12) lib/active_record/connection_adapters/sqlite_adapter.rb:472:in `table_structure'
  activerecord (3.2.12) lib/active_record/connection_adapters/sqlite_adapter.rb:346:in `columns'
  activerecord (3.2.12) lib/active_record/connection_adapters/schema_cache.rb:12:in `block in initialize'
  activerecord (3.2.12) lib/active_record/model_schema.rb:228:in `columns'
  activerecord (3.2.12) lib/active_record/model_schema.rb:237:in `columns_hash'
  activerecord (3.2.12) lib/active_record/relation/delegation.rb:7:in `columns_hash'
  activerecord (3.2.12) lib/active_record/relation/finder_methods.rb:331:in `find_one'
  activerecord (3.2.12) lib/active_record/relation/finder_methods.rb:312:in `find_with_ids'
  activerecord (3.2.12) lib/active_record/relation/finder_methods.rb:107:in `find'
  activerecord (3.2.12) lib/active_record/querying.rb:5:in `find'
  app/controllers/user_controller.rb:3:in `index'
  actionpack (3.2.12) lib/action_controller/metal/implicit_render.rb:4:in `send_action'
  actionpack (3.2.12) lib/abstract_controller/base.rb:167:in `process_action'
  actionpack (3.2.12) lib/action_controller/metal/rendering.rb:10:in `process_action'
  actionpack (3.2.12) lib/abstract_controller/callbacks.rb:18:in `block in process_action'
  activesupport (3.2.12) lib/active_support/callbacks.rb:414:in `_run__3974864966870112290__process_action__4203234796511526933__callbacks'
  activesupport (3.2.12) lib/active_support/callbacks.rb:405:in `__run_callback'
  activesupport (3.2.12) lib/active_support/callbacks.rb:385:in `_run_process_action_callbacks'
  activesupport (3.2.12) lib/active_support/callbacks.rb:81:in `run_callbacks'
  actionpack (3.2.12) lib/abstract_controller/callbacks.rb:17:in `process_action'
  actionpack (3.2.12) lib/action_controller/metal/rescue.rb:29:in `process_action'
  actionpack (3.2.12) lib/action_controller/metal/instrumentation.rb:30:in `block in process_action'
  activesupport (3.2.12) lib/active_support/notifications.rb:123:in `block in instrument'
  activesupport (3.2.12) lib/active_support/notifications/instrumenter.rb:20:in `instrument'
  activesupport (3.2.12) lib/active_support/notifications.rb:123:in `instrument'
  actionpack (3.2.12) lib/action_controller/metal/instrumentation.rb:29:in `process_action'
  actionpack (3.2.12) lib/action_controller/metal/params_wrapper.rb:207:in `process_action'
  activerecord (3.2.12) lib/active_record/railties/controller_runtime.rb:18:in `process_action'
  actionpack (3.2.12) lib/abstract_controller/base.rb:121:in `process'
  actionpack (3.2.12) lib/abstract_controller/rendering.rb:45:in `process'
  actionpack (3.2.12) lib/action_controller/metal.rb:203:in `dispatch'
  actionpack (3.2.12) lib/action_controller/metal/rack_delegation.rb:14:in `dispatch'
  actionpack (3.2.12) lib/action_controller/metal.rb:246:in `block in action'
  actionpack (3.2.12) lib/action_dispatch/routing/route_set.rb:73:in `dispatch'
  actionpack (3.2.12) lib/action_dispatch/routing/route_set.rb:36:in `call'
  journey (1.0.4) lib/journey/router.rb:68:in `block in call'
  journey (1.0.4) lib/journey/router.rb:56:in `call'
  actionpack (3.2.12) lib/action_dispatch/routing/route_set.rb:601:in `call'
  meta_request (0.2.7) lib/meta_request/middlewares/app_request_handler.rb:13:in `call'
  rack-contrib (1.1.0) lib/rack/contrib/response_headers.rb:17:in `call'
  meta_request (0.2.7) lib/meta_request/middlewares/headers.rb:16:in `call'
  meta_request (0.2.7) lib/meta_request/middlewares/meta_request_handler.rb:13:in `call'
  actionpack (3.2.12) lib/action_dispatch/middleware/best_standards_support.rb:17:in `call'
  rack (1.4.5) lib/rack/etag.rb:23:in `call'
  rack (1.4.5) lib/rack/conditionalget.rb:25:in `call'
  actionpack (3.2.12) lib/action_dispatch/middleware/head.rb:14:in `call'
  actionpack (3.2.12) lib/action_dispatch/middleware/params_parser.rb:21:in `call'
  actionpack (3.2.12) lib/action_dispatch/middleware/flash.rb:242:in `call'
  rack (1.4.5) lib/rack/session/abstract/id.rb:210:in `context'
  rack (1.4.5) lib/rack/session/abstract/id.rb:205:in `call'
  actionpack (3.2.12) lib/action_dispatch/middleware/cookies.rb:341:in `call'
  activerecord (3.2.12) lib/active_record/query_cache.rb:64:in `call'
  activerecord (3.2.12) lib/active_record/connection_adapters/abstract/connection_pool.rb:479:in `call'
  actionpack (3.2.12) lib/action_dispatch/middleware/callbacks.rb:28:in `block in call'
  activesupport (3.2.12) lib/active_support/callbacks.rb:405:in `_run__4002816397226575063__call__2934718441727957334__callbacks'
  activesupport (3.2.12) lib/active_support/callbacks.rb:405:in `__run_callback'
  activesupport (3.2.12) lib/active_support/callbacks.rb:385:in `_run_call_callbacks'
  activesupport (3.2.12) lib/active_support/callbacks.rb:81:in `run_callbacks'
  actionpack (3.2.12) lib/action_dispatch/middleware/callbacks.rb:27:in `call'
  actionpack (3.2.12) lib/action_dispatch/middleware/reloader.rb:65:in `call'
  actionpack (3.2.12) lib/action_dispatch/middleware/remote_ip.rb:31:in `call'
  better_errors (0.9.0) lib/better_errors/middleware.rb:84:in `protected_app_call'
  better_errors (0.9.0) lib/better_errors/middleware.rb:79:in `better_errors_call'
  better_errors (0.9.0) lib/better_errors/middleware.rb:56:in `call'
  actionpack (3.2.12) lib/action_dispatch/middleware/debug_exceptions.rb:16:in `call'
  actionpack (3.2.12) lib/action_dispatch/middleware/show_exceptions.rb:56:in `call'
  railties (3.2.12) lib/rails/rack/logger.rb:32:in `call_app'
  railties (3.2.12) lib/rails/rack/logger.rb:16:in `block in call'
  activesupport (3.2.12) lib/active_support/tagged_logging.rb:22:in `tagged'
  railties (3.2.12) lib/rails/rack/logger.rb:16:in `call'
  actionpack (3.2.12) lib/action_dispatch/middleware/request_id.rb:22:in `call'
  rack (1.4.5) lib/rack/methodoverride.rb:21:in `call'
  rack (1.4.5) lib/rack/runtime.rb:17:in `call'
  activesupport (3.2.12) lib/active_support/cache/strategy/local_cache.rb:72:in `call'
  rack (1.4.5) lib/rack/lock.rb:15:in `call'
  actionpack (3.2.12) lib/action_dispatch/middleware/static.rb:62:in `call'
  railties (3.2.12) lib/rails/engine.rb:479:in `call'
  railties (3.2.12) lib/rails/application.rb:223:in `call'
  rack (1.4.5) lib/rack/content_length.rb:14:in `call'
  railties (3.2.12) lib/rails/rack/log_tailer.rb:17:in `call'
  rack (1.4.5) lib/rack/handler/webrick.rb:59:in `service'
  /home/nepasoft/.rvm/rubies/ruby-1.9.2-p320/lib/ruby/1.9.1/webrick/httpserver.rb:111:in `service'
  /home/nepasoft/.rvm/rubies/ruby-1.9.2-p320/lib/ruby/1.9.1/webrick/httpserver.rb:70:in `run'
  /home/nepasoft/.rvm/rubies/ruby-1.9.2-p320/lib/ruby/1.9.1/webrick/server.rb:183:in `block in start_thread'



Started POST "/__better_errors/70054880136980/variables" for 127.0.0.1 at 2013-08-02 15:40:47 +0545


Started GET "/user" for 127.0.0.1 at 2013-08-02 15:41:26 +0545
Connecting to database specified by database.yml
Processing by UserController#index as HTML
Completed 500  in 175ms

ActiveRecord::StatementInvalid - Could not find table 'users':
  activerecord (3.2.12) lib/active_record/connection_adapters/sqlite_adapter.rb:472:in `table_structure'
  activerecord (3.2.12) lib/active_record/connection_adapters/sqlite_adapter.rb:346:in `columns'
  activerecord (3.2.12) lib/active_record/connection_adapters/schema_cache.rb:12:in `block in initialize'
  activerecord (3.2.12) lib/active_record/model_schema.rb:228:in `columns'
  activerecord (3.2.12) lib/active_record/model_schema.rb:237:in `columns_hash'
  activerecord (3.2.12) lib/active_record/locking/optimistic.rb:129:in `locking_enabled?'
  activerecord (3.2.12) lib/active_record/relation.rb:170:in `exec_queries'
  activerecord (3.2.12) lib/active_record/relation.rb:160:in `block in to_a'
  activerecord (3.2.12) lib/active_record/explain.rb:33:in `logging_query_plan'
  activerecord (3.2.12) lib/active_record/relation.rb:159:in `to_a'
  activerecord (3.2.12) lib/active_record/relation/finder_methods.rb:159:in `all'
  activerecord (3.2.12) lib/active_record/querying.rb:5:in `all'
  app/controllers/user_controller.rb:3:in `index'
  actionpack (3.2.12) lib/action_controller/metal/implicit_render.rb:4:in `send_action'
  actionpack (3.2.12) lib/abstract_controller/base.rb:167:in `process_action'
  actionpack (3.2.12) lib/action_controller/metal/rendering.rb:10:in `process_action'
  actionpack (3.2.12) lib/abstract_controller/callbacks.rb:18:in `block in process_action'
  activesupport (3.2.12) lib/active_support/callbacks.rb:414:in `_run__4081438703495407400__process_action__563360897417839898__callbacks'
  activesupport (3.2.12) lib/active_support/callbacks.rb:405:in `__run_callback'
  activesupport (3.2.12) lib/active_support/callbacks.rb:385:in `_run_process_action_callbacks'
  activesupport (3.2.12) lib/active_support/callbacks.rb:81:in `run_callbacks'
  actionpack (3.2.12) lib/abstract_controller/callbacks.rb:17:in `process_action'
  actionpack (3.2.12) lib/action_controller/metal/rescue.rb:29:in `process_action'
  actionpack (3.2.12) lib/action_controller/metal/instrumentation.rb:30:in `block in process_action'
  activesupport (3.2.12) lib/active_support/notifications.rb:123:in `block in instrument'
  activesupport (3.2.12) lib/active_support/notifications/instrumenter.rb:20:in `instrument'
  activesupport (3.2.12) lib/active_support/notifications.rb:123:in `instrument'
  actionpack (3.2.12) lib/action_controller/metal/instrumentation.rb:29:in `process_action'
  actionpack (3.2.12) lib/action_controller/metal/params_wrapper.rb:207:in `process_action'
  activerecord (3.2.12) lib/active_record/railties/controller_runtime.rb:18:in `process_action'
  actionpack (3.2.12) lib/abstract_controller/base.rb:121:in `process'
  actionpack (3.2.12) lib/abstract_controller/rendering.rb:45:in `process'
  actionpack (3.2.12) lib/action_controller/metal.rb:203:in `dispatch'
  actionpack (3.2.12) lib/action_controller/metal/rack_delegation.rb:14:in `dispatch'
  actionpack (3.2.12) lib/action_controller/metal.rb:246:in `block in action'
  actionpack (3.2.12) lib/action_dispatch/routing/route_set.rb:73:in `dispatch'
  actionpack (3.2.12) lib/action_dispatch/routing/route_set.rb:36:in `call'
  journey (1.0.4) lib/journey/router.rb:68:in `block in call'
  journey (1.0.4) lib/journey/router.rb:56:in `call'
  actionpack (3.2.12) lib/action_dispatch/routing/route_set.rb:601:in `call'
  meta_request (0.2.7) lib/meta_request/middlewares/app_request_handler.rb:13:in `call'
  rack-contrib (1.1.0) lib/rack/contrib/response_headers.rb:17:in `call'
  meta_request (0.2.7) lib/meta_request/middlewares/headers.rb:16:in `call'
  meta_request (0.2.7) lib/meta_request/middlewares/meta_request_handler.rb:13:in `call'
  actionpack (3.2.12) lib/action_dispatch/middleware/best_standards_support.rb:17:in `call'
  rack (1.4.5) lib/rack/etag.rb:23:in `call'
  rack (1.4.5) lib/rack/conditionalget.rb:25:in `call'
  actionpack (3.2.12) lib/action_dispatch/middleware/head.rb:14:in `call'
  actionpack (3.2.12) lib/action_dispatch/middleware/params_parser.rb:21:in `call'
  actionpack (3.2.12) lib/action_dispatch/middleware/flash.rb:242:in `call'
  rack (1.4.5) lib/rack/session/abstract/id.rb:210:in `context'
  rack (1.4.5) lib/rack/session/abstract/id.rb:205:in `call'
  actionpack (3.2.12) lib/action_dispatch/middleware/cookies.rb:341:in `call'
  activerecord (3.2.12) lib/active_record/query_cache.rb:64:in `call'
  activerecord (3.2.12) lib/active_record/connection_adapters/abstract/connection_pool.rb:479:in `call'
  actionpack (3.2.12) lib/action_dispatch/middleware/callbacks.rb:28:in `block in call'
  activesupport (3.2.12) lib/active_support/callbacks.rb:405:in `_run__2880362215578618260__call__2859584060414897749__callbacks'
  activesupport (3.2.12) lib/active_support/callbacks.rb:405:in `__run_callback'
  activesupport (3.2.12) lib/active_support/callbacks.rb:385:in `_run_call_callbacks'
  activesupport (3.2.12) lib/active_support/callbacks.rb:81:in `run_callbacks'
  actionpack (3.2.12) lib/action_dispatch/middleware/callbacks.rb:27:in `call'
  actionpack (3.2.12) lib/action_dispatch/middleware/reloader.rb:65:in `call'
  actionpack (3.2.12) lib/action_dispatch/middleware/remote_ip.rb:31:in `call'
  better_errors (0.9.0) lib/better_errors/middleware.rb:84:in `protected_app_call'
  better_errors (0.9.0) lib/better_errors/middleware.rb:79:in `better_errors_call'
  better_errors (0.9.0) lib/better_errors/middleware.rb:56:in `call'
  actionpack (3.2.12) lib/action_dispatch/middleware/debug_exceptions.rb:16:in `call'
  actionpack (3.2.12) lib/action_dispatch/middleware/show_exceptions.rb:56:in `call'
  railties (3.2.12) lib/rails/rack/logger.rb:32:in `call_app'
  railties (3.2.12) lib/rails/rack/logger.rb:16:in `block in call'
  activesupport (3.2.12) lib/active_support/tagged_logging.rb:22:in `tagged'
  railties (3.2.12) lib/rails/rack/logger.rb:16:in `call'
  actionpack (3.2.12) lib/action_dispatch/middleware/request_id.rb:22:in `call'
  rack (1.4.5) lib/rack/methodoverride.rb:21:in `call'
  rack (1.4.5) lib/rack/runtime.rb:17:in `call'
  activesupport (3.2.12) lib/active_support/cache/strategy/local_cache.rb:72:in `call'
  rack (1.4.5) lib/rack/lock.rb:15:in `call'
  actionpack (3.2.12) lib/action_dispatch/middleware/static.rb:62:in `call'
  railties (3.2.12) lib/rails/engine.rb:479:in `call'
  railties (3.2.12) lib/rails/application.rb:223:in `call'
  rack (1.4.5) lib/rack/content_length.rb:14:in `call'
  railties (3.2.12) lib/rails/rack/log_tailer.rb:17:in `call'
  rack (1.4.5) lib/rack/handler/webrick.rb:59:in `service'
  /home/nepasoft/.rvm/rubies/ruby-1.9.2-p320/lib/ruby/1.9.1/webrick/httpserver.rb:111:in `service'
  /home/nepasoft/.rvm/rubies/ruby-1.9.2-p320/lib/ruby/1.9.1/webrick/httpserver.rb:70:in `run'
  /home/nepasoft/.rvm/rubies/ruby-1.9.2-p320/lib/ruby/1.9.1/webrick/server.rb:183:in `block in start_thread'



Started POST "/__better_errors/70019882299980/variables" for 127.0.0.1 at 2013-08-02 15:41:27 +0545
Connecting to database specified by database.yml
Connecting to database specified by database.yml
  [1m[36m (0.1ms)[0m  [1mselect sqlite_version(*)[0m
  [1m[35m (211.2ms)[0m  CREATE TABLE "schema_migrations" ("version" varchar(255) NOT NULL) 
  [1m[36m (166.4ms)[0m  [1mCREATE UNIQUE INDEX "unique_schema_migrations" ON "schema_migrations" ("version")[0m
  [1m[35m (0.1ms)[0m  SELECT "schema_migrations"."version" FROM "schema_migrations" 
Migrating to CreateUsers (20130802084430)
  [1m[36m (0.1ms)[0m  [1mbegin transaction[0m
  [1m[35m (0.5ms)[0m  CREATE TABLE "users" ("id" INTEGER PRIMARY KEY AUTOINCREMENT NOT NULL, "name" varchar(255), "address" varchar(255), "phone" varchar(255), "created_at" datetime NOT NULL, "updated_at" datetime NOT NULL) 
  [1m[36m (0.1ms)[0m  [1mINSERT INTO "schema_migrations" ("version") VALUES ('20130802084430')[0m
  [1m[35m (192.7ms)[0m  commit transaction
  [1m[36m (0.1ms)[0m  [1mSELECT "schema_migrations"."version" FROM "schema_migrations" [0m
Connecting to database specified by database.yml
  [1m[36m (0.1ms)[0m  [1mSELECT "schema_migrations"."version" FROM "schema_migrations" [0m
Migrating to CreateUsers (20130802084430)
  [1m[35m (0.1ms)[0m  select sqlite_version(*)
  [1m[36m (0.1ms)[0m  [1mSELECT "schema_migrations"."version" FROM "schema_migrations" [0m
Connecting to database specified by database.yml
  [1m[36m (0.1ms)[0m  [1mSELECT "schema_migrations"."version" FROM "schema_migrations" [0m
Migrating to CreateUsers (20130802084430)
  [1m[35m (0.1ms)[0m  select sqlite_version(*)
  [1m[36m (0.1ms)[0m  [1mSELECT "schema_migrations"."version" FROM "schema_migrations" [0m
Connecting to database specified by database.yml
  [1m[36m (0.1ms)[0m  [1mSELECT "schema_migrations"."version" FROM "schema_migrations" [0m
  [1m[35m (0.2ms)[0m  select sqlite_version(*)
  [1m[36m (185.5ms)[0m  [1mCREATE TABLE "users" ("id" INTEGER PRIMARY KEY AUTOINCREMENT NOT NULL, "name" varchar(255), "address" varchar(255), "phone" varchar(255), "created_at" datetime NOT NULL, "updated_at" datetime NOT NULL) [0m
  [1m[35m (182.7ms)[0m  CREATE TABLE "schema_migrations" ("version" varchar(255) NOT NULL) 
  [1m[36m (191.4ms)[0m  [1mCREATE UNIQUE INDEX "unique_schema_migrations" ON "schema_migrations" ("version")[0m
  [1m[35m (0.1ms)[0m  SELECT version FROM "schema_migrations"
  [1m[36m (173.7ms)[0m  [1mINSERT INTO "schema_migrations" (version) VALUES ('20130802084430')[0m
Connecting to database specified by database.yml
  [1m[36m (0.1ms)[0m  [1mSELECT "schema_migrations"."version" FROM "schema_migrations" [0m
  [1m[35m (0.2ms)[0m  select sqlite_version(*)
  [1m[36m (182.5ms)[0m  [1mCREATE TABLE "users" ("id" INTEGER PRIMARY KEY AUTOINCREMENT NOT NULL, "name" varchar(255), "address" varchar(255), "phone" varchar(255), "created_at" datetime NOT NULL, "updated_at" datetime NOT NULL) [0m
  [1m[35m (166.3ms)[0m  CREATE TABLE "schema_migrations" ("version" varchar(255) NOT NULL) 
  [1m[36m (184.6ms)[0m  [1mCREATE UNIQUE INDEX "unique_schema_migrations" ON "schema_migrations" ("version")[0m
  [1m[35m (0.1ms)[0m  SELECT version FROM "schema_migrations"
  [1m[36m (182.5ms)[0m  [1mINSERT INTO "schema_migrations" (version) VALUES ('20130802084430')[0m


Started GET "/user" for 127.0.0.1 at 2013-08-02 16:51:48 +0545
Connecting to database specified by database.yml
Processing by UserController#index as HTML
Completed 500  in 125ms

ActiveRecord::RecordNotFound - Couldn't find User without an ID:
  activerecord (3.2.12) lib/active_record/relation/finder_methods.rb:310:in `find_with_ids'
  activerecord (3.2.12) lib/active_record/relation/finder_methods.rb:107:in `find'
  activerecord (3.2.12) lib/active_record/querying.rb:5:in `find'
  app/controllers/user_controller.rb:3:in `index'
  actionpack (3.2.12) lib/action_controller/metal/implicit_render.rb:4:in `send_action'
  actionpack (3.2.12) lib/abstract_controller/base.rb:167:in `process_action'
  actionpack (3.2.12) lib/action_controller/metal/rendering.rb:10:in `process_action'
  actionpack (3.2.12) lib/abstract_controller/callbacks.rb:18:in `block in process_action'
  activesupport (3.2.12) lib/active_support/callbacks.rb:414:in `_run__2217062733782390302__process_action__2627208985277637639__callbacks'
  activesupport (3.2.12) lib/active_support/callbacks.rb:405:in `__run_callback'
  activesupport (3.2.12) lib/active_support/callbacks.rb:385:in `_run_process_action_callbacks'
  activesupport (3.2.12) lib/active_support/callbacks.rb:81:in `run_callbacks'
  actionpack (3.2.12) lib/abstract_controller/callbacks.rb:17:in `process_action'
  actionpack (3.2.12) lib/action_controller/metal/rescue.rb:29:in `process_action'
  actionpack (3.2.12) lib/action_controller/metal/instrumentation.rb:30:in `block in process_action'
  activesupport (3.2.12) lib/active_support/notifications.rb:123:in `block in instrument'
  activesupport (3.2.12) lib/active_support/notifications/instrumenter.rb:20:in `instrument'
  activesupport (3.2.12) lib/active_support/notifications.rb:123:in `instrument'
  actionpack (3.2.12) lib/action_controller/metal/instrumentation.rb:29:in `process_action'
  actionpack (3.2.12) lib/action_controller/metal/params_wrapper.rb:207:in `process_action'
  activerecord (3.2.12) lib/active_record/railties/controller_runtime.rb:18:in `process_action'
  actionpack (3.2.12) lib/abstract_controller/base.rb:121:in `process'
  actionpack (3.2.12) lib/abstract_controller/rendering.rb:45:in `process'
  actionpack (3.2.12) lib/action_controller/metal.rb:203:in `dispatch'
  actionpack (3.2.12) lib/action_controller/metal/rack_delegation.rb:14:in `dispatch'
  actionpack (3.2.12) lib/action_controller/metal.rb:246:in `block in action'
  actionpack (3.2.12) lib/action_dispatch/routing/route_set.rb:73:in `dispatch'
  actionpack (3.2.12) lib/action_dispatch/routing/route_set.rb:36:in `call'
  journey (1.0.4) lib/journey/router.rb:68:in `block in call'
  journey (1.0.4) lib/journey/router.rb:56:in `call'
  actionpack (3.2.12) lib/action_dispatch/routing/route_set.rb:601:in `call'
  meta_request (0.2.7) lib/meta_request/middlewares/app_request_handler.rb:13:in `call'
  rack-contrib (1.1.0) lib/rack/contrib/response_headers.rb:17:in `call'
  meta_request (0.2.7) lib/meta_request/middlewares/headers.rb:16:in `call'
  meta_request (0.2.7) lib/meta_request/middlewares/meta_request_handler.rb:13:in `call'
  warden (1.2.3) lib/warden/manager.rb:35:in `block in call'
  warden (1.2.3) lib/warden/manager.rb:34:in `call'
  actionpack (3.2.12) lib/action_dispatch/middleware/best_standards_support.rb:17:in `call'
  rack (1.4.5) lib/rack/etag.rb:23:in `call'
  rack (1.4.5) lib/rack/conditionalget.rb:25:in `call'
  actionpack (3.2.12) lib/action_dispatch/middleware/head.rb:14:in `call'
  actionpack (3.2.12) lib/action_dispatch/middleware/params_parser.rb:21:in `call'
  actionpack (3.2.12) lib/action_dispatch/middleware/flash.rb:242:in `call'
  rack (1.4.5) lib/rack/session/abstract/id.rb:210:in `context'
  rack (1.4.5) lib/rack/session/abstract/id.rb:205:in `call'
  actionpack (3.2.12) lib/action_dispatch/middleware/cookies.rb:341:in `call'
  activerecord (3.2.12) lib/active_record/query_cache.rb:64:in `call'
  activerecord (3.2.12) lib/active_record/connection_adapters/abstract/connection_pool.rb:479:in `call'
  actionpack (3.2.12) lib/action_dispatch/middleware/callbacks.rb:28:in `block in call'
  activesupport (3.2.12) lib/active_support/callbacks.rb:405:in `_run__2049607467904417486__call__2993513116169459742__callbacks'
  activesupport (3.2.12) lib/active_support/callbacks.rb:405:in `__run_callback'
  activesupport (3.2.12) lib/active_support/callbacks.rb:385:in `_run_call_callbacks'
  activesupport (3.2.12) lib/active_support/callbacks.rb:81:in `run_callbacks'
  actionpack (3.2.12) lib/action_dispatch/middleware/callbacks.rb:27:in `call'
  actionpack (3.2.12) lib/action_dispatch/middleware/reloader.rb:65:in `call'
  actionpack (3.2.12) lib/action_dispatch/middleware/remote_ip.rb:31:in `call'
  better_errors (0.9.0) lib/better_errors/middleware.rb:84:in `protected_app_call'
  better_errors (0.9.0) lib/better_errors/middleware.rb:79:in `better_errors_call'
  better_errors (0.9.0) lib/better_errors/middleware.rb:56:in `call'
  actionpack (3.2.12) lib/action_dispatch/middleware/debug_exceptions.rb:16:in `call'
  actionpack (3.2.12) lib/action_dispatch/middleware/show_exceptions.rb:56:in `call'
  railties (3.2.12) lib/rails/rack/logger.rb:32:in `call_app'
  railties (3.2.12) lib/rails/rack/logger.rb:16:in `block in call'
  activesupport (3.2.12) lib/active_support/tagged_logging.rb:22:in `tagged'
  railties (3.2.12) lib/rails/rack/logger.rb:16:in `call'
  quiet_assets (1.0.2) lib/quiet_assets.rb:18:in `call_with_quiet_assets'
  actionpack (3.2.12) lib/action_dispatch/middleware/request_id.rb:22:in `call'
  rack (1.4.5) lib/rack/methodoverride.rb:21:in `call'
  rack (1.4.5) lib/rack/runtime.rb:17:in `call'
  activesupport (3.2.12) lib/active_support/cache/strategy/local_cache.rb:72:in `call'
  rack (1.4.5) lib/rack/lock.rb:15:in `call'
  actionpack (3.2.12) lib/action_dispatch/middleware/static.rb:62:in `call'
  railties (3.2.12) lib/rails/engine.rb:479:in `call'
  railties (3.2.12) lib/rails/application.rb:223:in `call'
  rack (1.4.5) lib/rack/content_length.rb:14:in `call'
  railties (3.2.12) lib/rails/rack/log_tailer.rb:17:in `call'
  rack (1.4.5) lib/rack/handler/webrick.rb:59:in `service'
  /home/nepasoft/.rvm/rubies/ruby-1.9.2-p320/lib/ruby/1.9.1/webrick/httpserver.rb:111:in `service'
  /home/nepasoft/.rvm/rubies/ruby-1.9.2-p320/lib/ruby/1.9.1/webrick/httpserver.rb:70:in `run'
  /home/nepasoft/.rvm/rubies/ruby-1.9.2-p320/lib/ruby/1.9.1/webrick/server.rb:183:in `block in start_thread'



Started POST "/__better_errors/69849664166100/variables" for 127.0.0.1 at 2013-08-02 16:51:50 +0545


Started GET "/" for 127.0.0.1 at 2013-08-02 16:52:26 +0545
Connecting to database specified by database.yml
Processing by BarController#index as HTML
  Rendered bar/index.html.haml within layouts/application (51.0ms)
Completed 200 OK in 134ms (Views: 133.6ms | ActiveRecord: 0.0ms)


Started GET "/" for 127.0.0.1 at 2013-08-02 16:52:34 +0545
Processing by BarController#index as HTML
  Rendered bar/index.html.haml within layouts/application (0.1ms)
Completed 200 OK in 6ms (Views: 5.3ms | ActiveRecord: 0.0ms)
Connecting to database specified by database.yml
  [1m[36m (0.1ms)[0m  [1mSELECT "schema_migrations"."version" FROM "schema_migrations" [0m
  [1m[35m (0.2ms)[0m  select sqlite_version(*)
  [1m[36m (191.1ms)[0m  [1mCREATE TABLE "users" ("id" INTEGER PRIMARY KEY AUTOINCREMENT NOT NULL, "name" varchar(255), "address" varchar(255), "phone" varchar(255), "created_at" datetime NOT NULL, "updated_at" datetime NOT NULL) [0m
  [1m[35m (191.0ms)[0m  CREATE TABLE "schema_migrations" ("version" varchar(255) NOT NULL) 
  [1m[36m (192.9ms)[0m  [1mCREATE UNIQUE INDEX "unique_schema_migrations" ON "schema_migrations" ("version")[0m
  [1m[35m (0.1ms)[0m  SELECT version FROM "schema_migrations"
  [1m[36m (174.3ms)[0m  [1mINSERT INTO "schema_migrations" (version) VALUES ('20130802084430')[0m


Started GET "/" for 127.0.0.1 at 2013-08-02 17:00:48 +0545
Connecting to database specified by database.yml
Processing by BarController#index as HTML
  Rendered bar/index.html.haml within layouts/application (3.8ms)
Completed 200 OK in 205ms (Views: 204.6ms | ActiveRecord: 0.0ms)
